{"C:\\Users\\MEET UPADHYAY\\Documents\\code\\react\\react-learning\\13-Test-Our-App\\src\\components\\Contact.js": {"path":"C:\\Users\\MEET UPADHYAY\\Documents\\code\\react\\react-learning\\13-Test-Our-App\\src\\components\\Contact.js","statementMap":{"0":{"start":{"line":2,"column":16},"end":{"line":8,"column":1}},"1":{"start":{"line":3,"column":4},"end":{"line":7,"column":5}}},"fnMap":{"0":{"name":"(anonymous_0)","decl":{"start":{"line":2,"column":16},"end":{"line":2,"column":17}},"loc":{"start":{"line":2,"column":22},"end":{"line":8,"column":1}},"line":2}},"branchMap":{},"s":{"0":1,"1":1},"f":{"0":1},"b":{},"_coverageSchema":"1a1c01bbd47fc00a2c39e90264f33305004495a9","hash":"f38784f95633b26a528cc43e70dc61f106463ad6"}
,"C:\\Users\\MEET UPADHYAY\\Documents\\code\\react\\react-learning\\13-Test-Our-App\\src\\components\\Header.js": {"path":"C:\\Users\\MEET UPADHYAY\\Documents\\code\\react\\react-learning\\13-Test-Our-App\\src\\components\\Header.js","statementMap":{"0":{"start":{"line":8,"column":15},"end":{"line":54,"column":1}},"1":{"start":{"line":9,"column":42},"end":{"line":9,"column":59}},"2":{"start":{"line":10,"column":23},"end":{"line":10,"column":40}},"3":{"start":{"line":11,"column":15},"end":{"line":11,"column":38}},"4":{"start":{"line":13,"column":20},"end":{"line":13,"column":58}},"5":{"start":{"line":13,"column":41},"end":{"line":13,"column":57}},"6":{"start":{"line":14,"column":2},"end":{"line":53,"column":4}},"7":{"start":{"line":41,"column":16},"end":{"line":43,"column":45}}},"fnMap":{"0":{"name":"(anonymous_0)","decl":{"start":{"line":8,"column":15},"end":{"line":8,"column":16}},"loc":{"start":{"line":8,"column":21},"end":{"line":54,"column":1}},"line":8},"1":{"name":"(anonymous_1)","decl":{"start":{"line":13,"column":32},"end":{"line":13,"column":33}},"loc":{"start":{"line":13,"column":41},"end":{"line":13,"column":57}},"line":13},"2":{"name":"(anonymous_2)","decl":{"start":{"line":40,"column":23},"end":{"line":40,"column":24}},"loc":{"start":{"line":40,"column":29},"end":{"line":44,"column":15}},"line":40}},"branchMap":{"0":{"loc":{"start":{"line":21,"column":30},"end":{"line":21,"column":55}},"type":"cond-expr","locations":[{"start":{"line":21,"column":45},"end":{"line":21,"column":48}},{"start":{"line":21,"column":51},"end":{"line":21,"column":55}}],"line":21},"1":{"loc":{"start":{"line":41,"column":16},"end":{"line":43,"column":44}},"type":"cond-expr","locations":[{"start":{"line":42,"column":20},"end":{"line":42,"column":45}},{"start":{"line":43,"column":20},"end":{"line":43,"column":44}}],"line":41}},"s":{"0":1,"1":8,"2":8,"3":8,"4":8,"5":13,"6":8,"7":3},"f":{"0":8,"1":13,"2":3},"b":{"0":[8,0],"1":[2,1]},"_coverageSchema":"1a1c01bbd47fc00a2c39e90264f33305004495a9","hash":"903c050fccbf474642da0d0456ed317fedcd3e07"}
,"C:\\Users\\MEET UPADHYAY\\Documents\\code\\react\\react-learning\\13-Test-Our-App\\src\\components\\sum.js": {"path":"C:\\Users\\MEET UPADHYAY\\Documents\\code\\react\\react-learning\\13-Test-Our-App\\src\\components\\sum.js","statementMap":{"0":{"start":{"line":1,"column":12},"end":{"line":3,"column":1}},"1":{"start":{"line":2,"column":2},"end":{"line":2,"column":15}}},"fnMap":{"0":{"name":"(anonymous_0)","decl":{"start":{"line":1,"column":12},"end":{"line":1,"column":13}},"loc":{"start":{"line":1,"column":22},"end":{"line":3,"column":1}},"line":1}},"branchMap":{},"s":{"0":1,"1":1},"f":{"0":1},"b":{},"_coverageSchema":"1a1c01bbd47fc00a2c39e90264f33305004495a9","hash":"148357a3ec5b0a3177810e4ef9a3aa622191df70"}
,"C:\\Users\\MEET UPADHYAY\\Documents\\code\\react\\react-learning\\13-Test-Our-App\\src\\utils\\UserContext.js": {"path":"C:\\Users\\MEET UPADHYAY\\Documents\\code\\react\\react-learning\\13-Test-Our-App\\src\\utils\\UserContext.js","statementMap":{"0":{"start":{"line":3,"column":20},"end":{"line":5,"column":2}}},"fnMap":{},"branchMap":{},"s":{"0":1},"f":{},"b":{},"_coverageSchema":"1a1c01bbd47fc00a2c39e90264f33305004495a9","hash":"fd2c311c9cb44640818e8dedbb7e6dd019be1926"}
,"C:\\Users\\MEET UPADHYAY\\Documents\\code\\react\\react-learning\\13-Test-Our-App\\src\\utils\\appStore.js": {"path":"C:\\Users\\MEET UPADHYAY\\Documents\\code\\react\\react-learning\\13-Test-Our-App\\src\\utils\\appStore.js","statementMap":{"0":{"start":{"line":4,"column":17},"end":{"line":8,"column":2}}},"fnMap":{},"branchMap":{},"s":{"0":1},"f":{},"b":{},"_coverageSchema":"1a1c01bbd47fc00a2c39e90264f33305004495a9","hash":"54c0fdf808bde95460fbe6a77ac4999dd5663e01"}
,"C:\\Users\\MEET UPADHYAY\\Documents\\code\\react\\react-learning\\13-Test-Our-App\\src\\utils\\cartSlice.js": {"path":"C:\\Users\\MEET UPADHYAY\\Documents\\code\\react\\react-learning\\13-Test-Our-App\\src\\utils\\cartSlice.js","statementMap":{"0":{"start":{"line":3,"column":18},"end":{"line":19,"column":2}},"1":{"start":{"line":10,"column":6},"end":{"line":10,"column":39}},"2":{"start":{"line":13,"column":6},"end":{"line":13,"column":24}},"3":{"start":{"line":16,"column":6},"end":{"line":16,"column":29}},"4":{"start":{"line":21,"column":50},"end":{"line":21,"column":67}}},"fnMap":{"0":{"name":"(anonymous_0)","decl":{"start":{"line":9,"column":13},"end":{"line":9,"column":14}},"loc":{"start":{"line":9,"column":32},"end":{"line":11,"column":5}},"line":9},"1":{"name":"(anonymous_1)","decl":{"start":{"line":12,"column":16},"end":{"line":12,"column":17}},"loc":{"start":{"line":12,"column":35},"end":{"line":14,"column":5}},"line":12},"2":{"name":"(anonymous_2)","decl":{"start":{"line":15,"column":15},"end":{"line":15,"column":16}},"loc":{"start":{"line":15,"column":26},"end":{"line":17,"column":5}},"line":15}},"branchMap":{},"s":{"0":1,"1":0,"2":0,"3":0,"4":1},"f":{"0":0,"1":0,"2":0},"b":{},"_coverageSchema":"1a1c01bbd47fc00a2c39e90264f33305004495a9","hash":"7de2b028eb00d43ca943435e20048c9b1897fc59"}
,"C:\\Users\\MEET UPADHYAY\\Documents\\code\\react\\react-learning\\13-Test-Our-App\\src\\utils\\constants.js": {"path":"C:\\Users\\MEET UPADHYAY\\Documents\\code\\react\\react-learning\\13-Test-Our-App\\src\\utils\\constants.js","statementMap":{"0":{"start":{"line":1,"column":24},"end":{"line":1,"column":202}},"1":{"start":{"line":3,"column":23},"end":{"line":3,"column":106}},"2":{"start":{"line":5,"column":24},"end":{"line":5,"column":147}}},"fnMap":{},"branchMap":{},"s":{"0":1,"1":1,"2":1},"f":{},"b":{},"_coverageSchema":"1a1c01bbd47fc00a2c39e90264f33305004495a9","hash":"d5524e6cc1525d5fe1085583158c361f21cb2a80"}
,"C:\\Users\\MEET UPADHYAY\\Documents\\code\\react\\react-learning\\13-Test-Our-App\\src\\utils\\useOnlineStatus.js": {"path":"C:\\Users\\MEET UPADHYAY\\Documents\\code\\react\\react-learning\\13-Test-Our-App\\src\\utils\\useOnlineStatus.js","statementMap":{"0":{"start":{"line":3,"column":24},"end":{"line":19,"column":1}},"1":{"start":{"line":5,"column":45},"end":{"line":5,"column":59}},"2":{"start":{"line":7,"column":4},"end":{"line":15,"column":9}},"3":{"start":{"line":8,"column":8},"end":{"line":10,"column":10}},"4":{"start":{"line":9,"column":12},"end":{"line":9,"column":34}},"5":{"start":{"line":12,"column":8},"end":{"line":14,"column":10}},"6":{"start":{"line":13,"column":12},"end":{"line":13,"column":33}},"7":{"start":{"line":17,"column":4},"end":{"line":17,"column":24}}},"fnMap":{"0":{"name":"(anonymous_0)","decl":{"start":{"line":3,"column":24},"end":{"line":3,"column":25}},"loc":{"start":{"line":3,"column":29},"end":{"line":19,"column":1}},"line":3},"1":{"name":"(anonymous_1)","decl":{"start":{"line":7,"column":14},"end":{"line":7,"column":15}},"loc":{"start":{"line":7,"column":18},"end":{"line":15,"column":5}},"line":7},"2":{"name":"(anonymous_2)","decl":{"start":{"line":8,"column":43},"end":{"line":8,"column":44}},"loc":{"start":{"line":8,"column":47},"end":{"line":10,"column":9}},"line":8},"3":{"name":"(anonymous_3)","decl":{"start":{"line":12,"column":42},"end":{"line":12,"column":43}},"loc":{"start":{"line":12,"column":46},"end":{"line":14,"column":9}},"line":12}},"branchMap":{},"s":{"0":1,"1":8,"2":8,"3":5,"4":0,"5":5,"6":0,"7":8},"f":{"0":8,"1":5,"2":0,"3":0},"b":{},"_coverageSchema":"1a1c01bbd47fc00a2c39e90264f33305004495a9","hash":"f6ac7761bd492b2ced54641dab03c527b16366f1"}
}
